Added Component: Designator=BT1(KEYSTONE_2410)
Add component. Clean all parameters for all variants
Add component (AddParameter): Name = "Brand"; Value = "KEYSTONE"; VariantName = "[No Variations]"
Add component (AddParameter): Name = "Farnell_Order_Code"; Value = "1702629"; VariantName = "[No Variations]"
Add component (AddParameter): Name = "Farnell_Price"; Value = "1,80"; VariantName = "[No Variations]"
Add component (AddParameter): Name = "Mouser_Order_Code"; Value = "534-2460"; VariantName = "[No Variations]"
Add component (AddParameter): Name = "Mouser_Price"; Value = "1,10"; VariantName = "[No Variations]"
Add component (AddParameter): Name = "Type"; Value = "2460"; VariantName = "[No Variations]"
Added Component: Designator=C2(C1206)
Add component. Clean all parameters for all variants
Add component (AddParameter): Name = "Brand"; Value = ""; VariantName = "[No Variations]"
Add component (AddParameter): Name = "Capacitance"; Value = "1uF"; VariantName = "[No Variations]"
Add component (AddParameter): Name = "Order Code"; Value = ""; VariantName = "[No Variations]"
Add component (AddParameter): Name = "Type"; Value = ""; VariantName = "[No Variations]"
Add component (AddParameter): Name = "Brand"; Value = ""; VariantName = "Boiler_Node"
Add component (AddParameter): Name = "Capacitance"; Value = "1uF"; VariantName = "Boiler_Node"
Add component (AddParameter): Name = "Order Code"; Value = ""; VariantName = "Boiler_Node"
Add component (AddParameter): Name = "Type"; Value = ""; VariantName = "Boiler_Node"
Added Component: Designator=C3(C1206)
Add component. Clean all parameters for all variants
Add component (AddParameter): Name = "Brand"; Value = ""; VariantName = "[No Variations]"
Add component (AddParameter): Name = "Capacitance"; Value = "100nF"; VariantName = "[No Variations]"
Add component (AddParameter): Name = "Order Code"; Value = ""; VariantName = "[No Variations]"
Add component (AddParameter): Name = "Type"; Value = ""; VariantName = "[No Variations]"
Add component (AddParameter): Name = "Brand"; Value = ""; VariantName = "Boiler_Node"
Add component (AddParameter): Name = "Capacitance"; Value = "100nF"; VariantName = "Boiler_Node"
Add component (AddParameter): Name = "Order Code"; Value = ""; VariantName = "Boiler_Node"
Add component (AddParameter): Name = "Type"; Value = ""; VariantName = "Boiler_Node"
Added Component: Designator=C4(C1206)
Add component. Clean all parameters for all variants
Add component (AddParameter): Name = "Brand"; Value = ""; VariantName = "[No Variations]"
Add component (AddParameter): Name = "Capacitance"; Value = "1uF"; VariantName = "[No Variations]"
Add component (AddParameter): Name = "Order Code"; Value = ""; VariantName = "[No Variations]"
Add component (AddParameter): Name = "Type"; Value = ""; VariantName = "[No Variations]"
Added Component: Designator=D1(Kingbright_KPT-2012EC_0)
Add component. Clean all parameters for all variants
Add component (AddParameter): Name = "Case/Package"; Value = "0805"; VariantName = "[No Variations]"
Add component (AddParameter): Name = "Category"; Value = "LEDs"; VariantName = "[No Variations]"
Add component (AddParameter): Name = "Color"; Value = "Green"; VariantName = "[No Variations]"
Add component (AddParameter): Name = "Forward Current"; Value = "20mA"; VariantName = "[No Variations]"
Add component (AddParameter): Name = "Forward Voltage"; Value = "2.1V"; VariantName = "[No Variations]"
Add component (AddParameter): Name = "Manufacturer"; Value = "Kingbright"; VariantName = "[No Variations]"
Add component (AddParameter): Name = "Manufacturer Part Number"; Value = "AP2012MGC"; VariantName = "[No Variations]"
Add component (AddParameter): Name = "Supplier 1"; Value = "Mouser"; VariantName = "[No Variations]"
Add component (AddParameter): Name = "Supplier Part Number 1"; Value = "604-AP2012MGC"; VariantName = "[No Variations]"
Added Component: Designator=D2(Kingbright_KPT-2012EC_0)
Add component. Clean all parameters for all variants
Add component (AddParameter): Name = "Brand"; Value = "KINGBRIGHT"; VariantName = "[No Variations]"
Add component (AddParameter): Name = "Order Code"; Value = "2099236"; VariantName = "[No Variations]"
Add component (AddParameter): Name = "Price"; Value = "0,112"; VariantName = "[No Variations]"
Add component (AddParameter): Name = "Supplier"; Value = "Farnell"; VariantName = "[No Variations]"
Add component (AddParameter): Name = "Type"; Value = "KPT-2012EC"; VariantName = "[No Variations]"
Added Component: Designator=J1(61300311121)
Add component. Clean all parameters for all variants
Add component (AddParameter): Name = "Brand"; Value = "WURTH ELEKTRONIK"; VariantName = "[No Variations]"
Add component (AddParameter): Name = "ComponentLink1Description"; Value = "Manufacturer"; VariantName = "[No Variations]"
Add component (AddParameter): Name = "ComponentLink1URL"; Value = "http://www.we-online.de"; VariantName = "[No Variations]"
Add component (AddParameter): Name = "ComponentLink2Description"; Value = "Datasheet"; VariantName = "[No Variations]"
Add component (AddParameter): Name = "ComponentLink2URL"; Value = "https://katalog.we-online.de/em/datasheet/6130xx21821.pdf"; VariantName = "[No Variations]"
Add component (AddParameter): Name = "Gender"; Value = "Male"; VariantName = "[No Variations]"
Add component (AddParameter): Name = "Mounting Technology"; Value = "THT"; VariantName = "[No Variations]"
Add component (AddParameter): Name = "Order Code"; Value = "2356154"; VariantName = "[No Variations]"
Add component (AddParameter): Name = "Orientation"; Value = "Vertical"; VariantName = "[No Variations]"
Add component (AddParameter): Name = "Pitch"; Value = "2.54 mm"; VariantName = "[No Variations]"
Add component (AddParameter): Name = "Price"; Value = "0,06"; VariantName = "[No Variations]"
Add component (AddParameter): Name = "Supplier"; Value = "Farnell"; VariantName = "[No Variations]"
Add component (AddParameter): Name = "Type"; Value = "61300311121"; VariantName = "[No Variations]"
Added Component: Designator=J2_TS1(MOLEX_90814-0204)
Add component. Clean all parameters for all variants
Add component (AddParameter): Name = "Manufacturer"; Value = "MOLEX"; VariantName = "[No Variations]"
Add component (AddParameter): Name = "Manufacturer Part Number"; Value = "90814-0204"; VariantName = "[No Variations]"
Add component (AddParameter): Name = "Manufacturer"; Value = "MOLEX"; VariantName = "Room_Node"
Add component (AddParameter): Name = "Manufacturer Part Number"; Value = "90814-0204"; VariantName = "Room_Node"
Added Component: Designator=J2_TS2(MOLEX_90814-0204)
Add component. Clean all parameters for all variants
Add component (AddParameter): Name = "Manufacturer"; Value = "MOLEX"; VariantName = "[No Variations]"
Add component (AddParameter): Name = "Manufacturer Part Number"; Value = "90814-0204"; VariantName = "[No Variations]"
Add component (AddParameter): Name = "Manufacturer"; Value = "MOLEX"; VariantName = "Room_Node"
Add component (AddParameter): Name = "Manufacturer Part Number"; Value = "90814-0204"; VariantName = "Room_Node"
Added Component: Designator=MP1(MeasurePoint_1.5mm)
Add component. Clean all parameters for all variants
Added Component: Designator=MP2(MeasurePoint_1.5mm)
Add component. Clean all parameters for all variants
Added Component: Designator=MP3(MeasurePoint_1.5mm)
Add component. Clean all parameters for all variants
Added Component: Designator=MP4(MeasurePoint_1.5mm)
Add component. Clean all parameters for all variants
Added Component: Designator=MP5_TS1(MeasurePoint_1.5mm)
Add component. Clean all parameters for all variants
Added Component: Designator=MP5_TS2(MeasurePoint_1.5mm)
Add component. Clean all parameters for all variants
Added Component: Designator=MP6_TS1(MeasurePoint_1.5mm)
Add component. Clean all parameters for all variants
Added Component: Designator=MP6_TS2(MeasurePoint_1.5mm)
Add component. Clean all parameters for all variants
Added Component: Designator=Q1(SOT23)
Add component. Clean all parameters for all variants
Add component (AddParameter): Name = "Manufacturer"; Value = "ON Semiconductor"; VariantName = "[No Variations]"
Add component (AddParameter): Name = "Manufacturer Part Number"; Value = "NTR5103NT1G"; VariantName = "[No Variations]"
Add component (AddParameter): Name = "Manufacturer"; Value = "ON Semiconductor"; VariantName = "Boiler_Node"
Add component (AddParameter): Name = "Manufacturer Part Number"; Value = "NTR5103NT1G"; VariantName = "Boiler_Node"
Added Component: Designator=Q2_TS1(SOT23)
Add component. Clean all parameters for all variants
Add component (AddParameter): Name = "Manufacturer"; Value = "ON Semiconductor"; VariantName = "[No Variations]"
Add component (AddParameter): Name = "Manufacturer Part Number"; Value = "NTR5103NT1G"; VariantName = "[No Variations]"
Add component (AddParameter): Name = "Manufacturer"; Value = "ON Semiconductor"; VariantName = "Room_Node"
Add component (AddParameter): Name = "Manufacturer Part Number"; Value = "NTR5103NT1G"; VariantName = "Room_Node"
Added Component: Designator=Q2_TS2(SOT23)
Add component. Clean all parameters for all variants
Add component (AddParameter): Name = "Manufacturer"; Value = "ON Semiconductor"; VariantName = "[No Variations]"
Add component (AddParameter): Name = "Manufacturer Part Number"; Value = "NTR5103NT1G"; VariantName = "[No Variations]"
Add component (AddParameter): Name = "Manufacturer"; Value = "ON Semiconductor"; VariantName = "Room_Node"
Add component (AddParameter): Name = "Manufacturer Part Number"; Value = "NTR5103NT1G"; VariantName = "Room_Node"
Added Component: Designator=R6(R1206_Simple-Assemble)
Add component. Clean all parameters for all variants
Add component (AddParameter): Name = "Brand"; Value = "TE CONNECTIVITY"; VariantName = "[No Variations]"
Add component (AddParameter): Name = "Order Code"; Value = "2861956"; VariantName = "[No Variations]"
Add component (AddParameter): Name = "Power"; Value = "250mW"; VariantName = "[No Variations]"
Add component (AddParameter): Name = "Price"; Value = "0,0139"; VariantName = "[No Variations]"
Add component (AddParameter): Name = "Resistance"; Value = "10k"; VariantName = "[No Variations]"
Add component (AddParameter): Name = "Supplier"; Value = "Farnell"; VariantName = "[No Variations]"
Add component (AddParameter): Name = "Type"; Value = "CRGCQ1206J10K"; VariantName = "[No Variations]"
Added Component: Designator=R7(R1206_Simple-Assemble)
Add component. Clean all parameters for all variants
Add component (AddParameter): Name = "Brand"; Value = "TE CONNECTIVITY"; VariantName = "[No Variations]"
Add component (AddParameter): Name = "Order Code"; Value = "2861956"; VariantName = "[No Variations]"
Add component (AddParameter): Name = "Power"; Value = "250mW"; VariantName = "[No Variations]"
Add component (AddParameter): Name = "Price"; Value = "0,0139"; VariantName = "[No Variations]"
Add component (AddParameter): Name = "Resistance"; Value = "10k"; VariantName = "[No Variations]"
Add component (AddParameter): Name = "Supplier"; Value = "Farnell"; VariantName = "[No Variations]"
Add component (AddParameter): Name = "Type"; Value = "CRGCQ1206J10K"; VariantName = "[No Variations]"
Added Component: Designator=R8(R1206_Simple-Assemble)
Add component. Clean all parameters for all variants
Add component (AddParameter): Name = "Brand"; Value = "MULTICOMP"; VariantName = "[No Variations]"
Add component (AddParameter): Name = "Order Code"; Value = ""; VariantName = "[No Variations]"
Add component (AddParameter): Name = "Power"; Value = ""; VariantName = "[No Variations]"
Add component (AddParameter): Name = "Price"; Value = ""; VariantName = "[No Variations]"
Add component (AddParameter): Name = "Resistance"; Value = "10"; VariantName = "[No Variations]"
Add component (AddParameter): Name = "Supplier"; Value = "Farnell"; VariantName = "[No Variations]"
Add component (AddParameter): Name = "Type"; Value = ""; VariantName = "[No Variations]"
Add component (AddParameter): Name = "Brand"; Value = "MULTICOMP"; VariantName = "Boiler_Node"
Add component (AddParameter): Name = "Order Code"; Value = ""; VariantName = "Boiler_Node"
Add component (AddParameter): Name = "Power"; Value = ""; VariantName = "Boiler_Node"
Add component (AddParameter): Name = "Price"; Value = ""; VariantName = "Boiler_Node"
Add component (AddParameter): Name = "Resistance"; Value = "10"; VariantName = "Boiler_Node"
Add component (AddParameter): Name = "Supplier"; Value = "Farnell"; VariantName = "Boiler_Node"
Add component (AddParameter): Name = "Type"; Value = ""; VariantName = "Boiler_Node"
Added Component: Designator=R9(R1206_Simple-Assemble)
Add component. Clean all parameters for all variants
Add component (AddParameter): Name = "Brand"; Value = "MULTICOMP"; VariantName = "[No Variations]"
Add component (AddParameter): Name = "Order Code"; Value = "2446791"; VariantName = "[No Variations]"
Add component (AddParameter): Name = "Power"; Value = "250mW"; VariantName = "[No Variations]"
Add component (AddParameter): Name = "Price"; Value = "0,0298"; VariantName = "[No Variations]"
Add component (AddParameter): Name = "Resistance"; Value = "1k2"; VariantName = "[No Variations]"
Add component (AddParameter): Name = "Supplier"; Value = "Farnell"; VariantName = "[No Variations]"
Add component (AddParameter): Name = "Type"; Value = "MCWR12X1201FTL"; VariantName = "[No Variations]"
Add component (AddParameter): Name = "Brand"; Value = "MULTICOMP"; VariantName = "Boiler_Node"
Add component (AddParameter): Name = "Order Code"; Value = "2446791"; VariantName = "Boiler_Node"
Add component (AddParameter): Name = "Power"; Value = "250mW"; VariantName = "Boiler_Node"
Add component (AddParameter): Name = "Price"; Value = "0,0298"; VariantName = "Boiler_Node"
Add component (AddParameter): Name = "Resistance"; Value = "1k2"; VariantName = "Boiler_Node"
Add component (AddParameter): Name = "Supplier"; Value = "Farnell"; VariantName = "Boiler_Node"
Add component (AddParameter): Name = "Type"; Value = "MCWR12X1201FTL"; VariantName = "Boiler_Node"
Added Component: Designator=R11_TS1(R1206_Simple-Assemble)
Add component. Clean all parameters for all variants
Add component (AddParameter): Name = "Brand"; Value = "MULTICOMP"; VariantName = "[No Variations]"
Add component (AddParameter): Name = "Order Code"; Value = "2446791"; VariantName = "[No Variations]"
Add component (AddParameter): Name = "Power"; Value = "250mW"; VariantName = "[No Variations]"
Add component (AddParameter): Name = "Price"; Value = "0,0298"; VariantName = "[No Variations]"
Add component (AddParameter): Name = "Resistance"; Value = "1k2"; VariantName = "[No Variations]"
Add component (AddParameter): Name = "Supplier"; Value = "Farnell"; VariantName = "[No Variations]"
Add component (AddParameter): Name = "Type"; Value = "MCWR12X1201FTL"; VariantName = "[No Variations]"
Add component (AddParameter): Name = "Brand"; Value = "MULTICOMP"; VariantName = "Room_Node"
Add component (AddParameter): Name = "Order Code"; Value = "2446791"; VariantName = "Room_Node"
Add component (AddParameter): Name = "Power"; Value = "250mW"; VariantName = "Room_Node"
Add component (AddParameter): Name = "Price"; Value = "0,0298"; VariantName = "Room_Node"
Add component (AddParameter): Name = "Resistance"; Value = "1k2"; VariantName = "Room_Node"
Add component (AddParameter): Name = "Supplier"; Value = "Farnell"; VariantName = "Room_Node"
Add component (AddParameter): Name = "Type"; Value = "MCWR12X1201FTL"; VariantName = "Room_Node"
Added Component: Designator=R11_TS2(R1206_Simple-Assemble)
Add component. Clean all parameters for all variants
Add component (AddParameter): Name = "Brand"; Value = "MULTICOMP"; VariantName = "[No Variations]"
Add component (AddParameter): Name = "Order Code"; Value = "2446791"; VariantName = "[No Variations]"
Add component (AddParameter): Name = "Power"; Value = "250mW"; VariantName = "[No Variations]"
Add component (AddParameter): Name = "Price"; Value = "0,0298"; VariantName = "[No Variations]"
Add component (AddParameter): Name = "Resistance"; Value = "1k2"; VariantName = "[No Variations]"
Add component (AddParameter): Name = "Supplier"; Value = "Farnell"; VariantName = "[No Variations]"
Add component (AddParameter): Name = "Type"; Value = "MCWR12X1201FTL"; VariantName = "[No Variations]"
Add component (AddParameter): Name = "Brand"; Value = "MULTICOMP"; VariantName = "Room_Node"
Add component (AddParameter): Name = "Order Code"; Value = "2446791"; VariantName = "Room_Node"
Add component (AddParameter): Name = "Power"; Value = "250mW"; VariantName = "Room_Node"
Add component (AddParameter): Name = "Price"; Value = "0,0298"; VariantName = "Room_Node"
Add component (AddParameter): Name = "Resistance"; Value = "1k2"; VariantName = "Room_Node"
Add component (AddParameter): Name = "Supplier"; Value = "Farnell"; VariantName = "Room_Node"
Add component (AddParameter): Name = "Type"; Value = "MCWR12X1201FTL"; VariantName = "Room_Node"
Added Component: Designator=R12_TS1(R1206_Simple-Assemble)
Add component. Clean all parameters for all variants
Add component (AddParameter): Name = "Brand"; Value = "MULTICOMP"; VariantName = "[No Variations]"
Add component (AddParameter): Name = "Order Code"; Value = ""; VariantName = "[No Variations]"
Add component (AddParameter): Name = "Power"; Value = ""; VariantName = "[No Variations]"
Add component (AddParameter): Name = "Price"; Value = ""; VariantName = "[No Variations]"
Add component (AddParameter): Name = "Resistance"; Value = "10"; VariantName = "[No Variations]"
Add component (AddParameter): Name = "Supplier"; Value = "Farnell"; VariantName = "[No Variations]"
Add component (AddParameter): Name = "Type"; Value = ""; VariantName = "[No Variations]"
Add component (AddParameter): Name = "Brand"; Value = "MULTICOMP"; VariantName = "Room_Node"
Add component (AddParameter): Name = "Order Code"; Value = ""; VariantName = "Room_Node"
Add component (AddParameter): Name = "Power"; Value = ""; VariantName = "Room_Node"
Add component (AddParameter): Name = "Price"; Value = ""; VariantName = "Room_Node"
Add component (AddParameter): Name = "Resistance"; Value = "10"; VariantName = "Room_Node"
Add component (AddParameter): Name = "Supplier"; Value = "Farnell"; VariantName = "Room_Node"
Add component (AddParameter): Name = "Type"; Value = ""; VariantName = "Room_Node"
Added Component: Designator=R12_TS2(R1206_Simple-Assemble)
Add component. Clean all parameters for all variants
Add component (AddParameter): Name = "Brand"; Value = "MULTICOMP"; VariantName = "[No Variations]"
Add component (AddParameter): Name = "Order Code"; Value = ""; VariantName = "[No Variations]"
Add component (AddParameter): Name = "Power"; Value = ""; VariantName = "[No Variations]"
Add component (AddParameter): Name = "Price"; Value = ""; VariantName = "[No Variations]"
Add component (AddParameter): Name = "Resistance"; Value = "10"; VariantName = "[No Variations]"
Add component (AddParameter): Name = "Supplier"; Value = "Farnell"; VariantName = "[No Variations]"
Add component (AddParameter): Name = "Type"; Value = ""; VariantName = "[No Variations]"
Add component (AddParameter): Name = "Brand"; Value = "MULTICOMP"; VariantName = "Room_Node"
Add component (AddParameter): Name = "Order Code"; Value = ""; VariantName = "Room_Node"
Add component (AddParameter): Name = "Power"; Value = ""; VariantName = "Room_Node"
Add component (AddParameter): Name = "Price"; Value = ""; VariantName = "Room_Node"
Add component (AddParameter): Name = "Resistance"; Value = "10"; VariantName = "Room_Node"
Add component (AddParameter): Name = "Supplier"; Value = "Farnell"; VariantName = "Room_Node"
Add component (AddParameter): Name = "Type"; Value = ""; VariantName = "Room_Node"
Added Component: Designator=S1(FP-FSM2JSMAA-MFG)
Add component. Clean all parameters for all variants
Add component (AddParameter): Name = "Case/Package"; Value = "SMD/SMT"; VariantName = "[No Variations]"
Add component (AddParameter): Name = "Category"; Value = "Pushbutton Switches"; VariantName = "[No Variations]"
Add component (AddParameter): Name = "Connector Type"; Value = "SMD/SMT"; VariantName = "[No Variations]"
Add component (AddParameter): Name = "Manufacturer"; Value = "TE Connectivity"; VariantName = "[No Variations]"
Add component (AddParameter): Name = "Manufacturer Part Number"; Value = "FSM2JSMAA"; VariantName = "[No Variations]"
Add component (AddParameter): Name = "Mount"; Value = "Surface Mount"; VariantName = "[No Variations]"
Add component (AddParameter): Name = "Supplier Unit Price 1"; Value = "€0.13022"; VariantName = "[No Variations]"
Add component (AddParameter): Name = "Voltage Rating (DC)"; Value = "24V"; VariantName = "[No Variations]"
Added Component: Designator=S2(FP-FSM2JSMAA-MFG)
Add component. Clean all parameters for all variants
Add component (AddParameter): Name = "Case/Package"; Value = "SMD/SMT"; VariantName = "[No Variations]"
Add component (AddParameter): Name = "Category"; Value = "Pushbutton Switches"; VariantName = "[No Variations]"
Add component (AddParameter): Name = "Connector Type"; Value = "SMD/SMT"; VariantName = "[No Variations]"
Add component (AddParameter): Name = "Manufacturer"; Value = "TE Connectivity"; VariantName = "[No Variations]"
Add component (AddParameter): Name = "Manufacturer Part Number"; Value = "FSM2JSMAA"; VariantName = "[No Variations]"
Add component (AddParameter): Name = "Mount"; Value = "Surface Mount"; VariantName = "[No Variations]"
Add component (AddParameter): Name = "Supplier Unit Price 1"; Value = "€0.13022"; VariantName = "[No Variations]"
Add component (AddParameter): Name = "Voltage Rating (DC)"; Value = "24V"; VariantName = "[No Variations]"
Added Component: Designator=U1(ESP32­WROOM­32E)
Add component. Clean all parameters for all variants
Add component (AddParameter): Name = "Brand"; Value = "Espressif Systems"; VariantName = "[No Variations]"
Add component (AddParameter): Name = "Order Code"; Value = "356-ESP32WRM32E128PH"; VariantName = "[No Variations]"
Add component (AddParameter): Name = "Price"; Value = "2,64"; VariantName = "[No Variations]"
Add component (AddParameter): Name = "Supplier"; Value = "MOUSER"; VariantName = "[No Variations]"
Add component (AddParameter): Name = "Type"; Value = "ESP32-WROOM-32E"; VariantName = "[No Variations]"
Added Component: Designator=U2(3x3 6-pin DFN)
Add component. Clean all parameters for all variants
Add component (AddParameter): Name = "Brand"; Value = "SILICON LABS"; VariantName = "[No Variations]"
Add component (AddParameter): Name = "ClassName"; Value = "Smallpitch"; VariantName = "[No Variations]"
Add component (AddParameter): Name = "Order Code"; Value = "2769160"; VariantName = "[No Variations]"
Add component (AddParameter): Name = "Price"; Value = "1,98"; VariantName = "[No Variations]"
Add component (AddParameter): Name = "Supplier"; Value = "Farnell"; VariantName = "[No Variations]"
Add component (AddParameter): Name = "Type"; Value = "SI7051-A20-IM"; VariantName = "[No Variations]"
Add component (AddParameter): Name = "Brand"; Value = "SILICON LABS"; VariantName = "Boiler_Node"
Add component (AddParameter): Name = "ClassName"; Value = "Smallpitch"; VariantName = "Boiler_Node"
Add component (AddParameter): Name = "Order Code"; Value = "2769160"; VariantName = "Boiler_Node"
Add component (AddParameter): Name = "Price"; Value = "1,98"; VariantName = "Boiler_Node"
Add component (AddParameter): Name = "Supplier"; Value = "Farnell"; VariantName = "Boiler_Node"
Add component (AddParameter): Name = "Type"; Value = "SI7051-A20-IM"; VariantName = "Boiler_Node"
Added Pin To Net: NetName=Vbat Pin=BT1-1
Added Pin To Net: NetName=NetBT1_2 Pin=BT1-2
Added Pin To Net: NetName=GND Pin=C2-1
Added Pin To Net: NetName=Vbat Pin=C2-2
Added Pin To Net: NetName=GND Pin=C3-1
Added Pin To Net: NetName=Vbat Pin=C3-2
Added Pin To Net: NetName=GND Pin=C4-1
Added Pin To Net: NetName=RESET Pin=C4-2
Added Pin To Net: NetName=LED1 Pin=D1-1
Added Pin To Net: NetName=NetD1_2 Pin=D1-2
Added Pin To Net: NetName=LED2 Pin=D2-1
Added Pin To Net: NetName=NetD2_2 Pin=D2-2
Added Pin To Net: NetName=NetJ1_1 Pin=J1-1
Added Pin To Net: NetName=NetJ1_2 Pin=J1-2
Added Pin To Net: NetName=GND Pin=J1-3
Added Pin To Net: NetName=Vbat Pin=J2_TS1-1
Added Pin To Net: NetName=Data_TempSensor_TS1 Pin=J2_TS1-2
Added Pin To Net: NetName=NetJ2_TS1_3 Pin=J2_TS1-3
Added Pin To Net: NetName=NetJ2_TS1_3 Pin=J2_TS1-4
Added Pin To Net: NetName=Vbat Pin=J2_TS2-1
Added Pin To Net: NetName=Data_TempSensor_TS2 Pin=J2_TS2-2
Added Pin To Net: NetName=NetJ2_TS2_3 Pin=J2_TS2-3
Added Pin To Net: NetName=NetJ2_TS2_3 Pin=J2_TS2-4
Added Pin To Net: NetName=Vbat Pin=MP1-1
Added Pin To Net: NetName=NetBT1_2 Pin=MP2-1
Added Pin To Net: NetName=GND Pin=MP3-1
Added Pin To Net: NetName=NetMP4_1 Pin=MP4-1
Added Pin To Net: NetName=Data_TempSensor_TS1 Pin=MP5_TS1-1
Added Pin To Net: NetName=Data_TempSensor_TS2 Pin=MP5_TS2-1
Added Pin To Net: NetName=NetJ2_TS1_3 Pin=MP6_TS1-1
Added Pin To Net: NetName=NetJ2_TS2_3 Pin=MP6_TS2-1
Added Pin To Net: NetName=EN_si_R Pin=Q1-1
Added Pin To Net: NetName=GND Pin=Q1-2
Added Pin To Net: NetName=NetQ1_3 Pin=Q1-3
Added Pin To Net: NetName=NetQ2_TS1_1 Pin=Q2_TS1-1
Added Pin To Net: NetName=GND Pin=Q2_TS1-2
Added Pin To Net: NetName=NetJ2_TS1_3 Pin=Q2_TS1-3
Added Pin To Net: NetName=NetQ2_TS2_1 Pin=Q2_TS2-1
Added Pin To Net: NetName=GND Pin=Q2_TS2-2
Added Pin To Net: NetName=NetJ2_TS2_3 Pin=Q2_TS2-3
Added Pin To Net: NetName=RESET Pin=R6-1
Added Pin To Net: NetName=Vbat Pin=R6-2
Added Pin To Net: NetName=Button_1 Pin=R7-1
Added Pin To Net: NetName=Vbat Pin=R7-2
Added Pin To Net: NetName=GND Pin=R8-1
Added Pin To Net: NetName=NetQ1_3 Pin=R8-2
Added Pin To Net: NetName=EN_si Pin=R9-1
Added Pin To Net: NetName=EN_si_R Pin=R9-2
Added Pin To Net: NetName=NetR11_TS1_1 Pin=R11_TS1-1
Added Pin To Net: NetName=NetQ2_TS1_1 Pin=R11_TS1-2
Added Pin To Net: NetName=NetR11_TS2_1 Pin=R11_TS2-1
Added Pin To Net: NetName=NetQ2_TS2_1 Pin=R11_TS2-2
Added Pin To Net: NetName=GND Pin=R12_TS1-1
Added Pin To Net: NetName=NetJ2_TS1_3 Pin=R12_TS1-2
Added Pin To Net: NetName=GND Pin=R12_TS2-1
Added Pin To Net: NetName=NetJ2_TS2_3 Pin=R12_TS2-2
Added Pin To Net: NetName=GND Pin=S1-1
Added Pin To Net: NetName=RESET Pin=S1-2
Added Pin To Net: NetName=GND Pin=S1-3
Added Pin To Net: NetName=RESET Pin=S1-4
Added Pin To Net: NetName=GND Pin=S2-1
Added Pin To Net: NetName=Button_1 Pin=S2-2
Added Pin To Net: NetName=GND Pin=S2-3
Added Pin To Net: NetName=Button_1 Pin=S2-4
Added Pin To Net: NetName=GND Pin=U1-1
Added Pin To Net: NetName=Vbat Pin=U1-2
Added Pin To Net: NetName=RESET Pin=U1-3
Added Pin To Net: NetName=NetR11_TS2_1 Pin=U1-13
Added Pin To Net: NetName=GND Pin=U1-15
Added Pin To Net: NetName=NetR10_TS2_1 Pin=U1-16
Added Pin To Net: NetName=NetR10_TS1_1 Pin=U1-26
Added Pin To Net: NetName=Button_2 Pin=U1-28
Added Pin To Net: NetName=NetR11_TS1_1 Pin=U1-29
Added Pin To Net: NetName=LED1 Pin=U1-30
Added Pin To Net: NetName=LED2 Pin=U1-31
Added Pin To Net: NetName=EN_si Pin=U1-33
Added Pin To Net: NetName=NetJ1_1 Pin=U1-34
Added Pin To Net: NetName=NetJ1_2 Pin=U1-35
Added Pin To Net: NetName=I2C_SCL Pin=U1-36
Added Pin To Net: NetName=I2C_SDA Pin=U1-37
Added Pin To Net: NetName=GND Pin=U1-38
Added Pin To Net: NetName=I2C_SDA Pin=U2-1
Added Pin To Net: NetName=NetQ1_3 Pin=U2-2
Added Pin To Net: NetName=Vbat Pin=U2-5
Added Pin To Net: NetName=I2C_SCL Pin=U2-6
Added Member To Class: ClassName=main_master Member=Component BT1 2460
Added Member To Class: ClassName=main_master Member=Component C2 1uF
Added Member To Class: ClassName=main_master Member=Component C3 100nF
Added Member To Class: ClassName=main_master Member=Component C4 1uF
Added Member To Class: ClassName=main_master Member=Component D1 Green
Added Member To Class: ClassName=main_master Member=Component D2 Red
Added Member To Class: ClassName=main_master Member=Component J1 61300311121
Added Member To Class: ClassName=TS1 Member=Component J2_TS1 (J2) 90814-0204
Added Member To Class: ClassName=TS2 Member=Component J2_TS2 (J2) 90814-0204
Added Member To Class: ClassName=main_master Member=Component MP1 Measure_point
Added Member To Class: ClassName=main_master Member=Component MP2 Measure_point
Added Member To Class: ClassName=main_master Member=Component MP3 Measure_point
Added Member To Class: ClassName=main_master Member=Component MP4 Measure_point
Added Member To Class: ClassName=TS1 Member=Component MP5_TS1 (MP5) Measure_point
Added Member To Class: ClassName=TS2 Member=Component MP5_TS2 (MP5) Measure_point
Added Member To Class: ClassName=TS1 Member=Component MP6_TS1 (MP6) Measure_point
Added Member To Class: ClassName=TS2 Member=Component MP6_TS2 (MP6) Measure_point
Added Member To Class: ClassName=main_master Member=Component Q1 NTR5103NT1G
Added Member To Class: ClassName=TS1 Member=Component Q2_TS1 (Q2) #NAME?
Added Member To Class: ClassName=TS2 Member=Component Q2_TS2 (Q2) #NAME?
Added Member To Class: ClassName=main_master Member=Component R6 10k
Added Member To Class: ClassName=main_master Member=Component R7 10k
Added Member To Class: ClassName=main_master Member=Component R8 10
Added Member To Class: ClassName=main_master Member=Component R9 1k2
Added Member To Class: ClassName=TS1 Member=Component R11_TS1 (R11) 1k2
Added Member To Class: ClassName=TS2 Member=Component R11_TS2 (R11) 1k2
Added Member To Class: ClassName=TS1 Member=Component R12_TS1 (R12) 10
Added Member To Class: ClassName=TS2 Member=Component R12_TS2 (R12) 10
Added Member To Class: ClassName=main_master Member=Component S1 FSM2JSMAA
Added Member To Class: ClassName=main_master Member=Component S2 FSM2JSMAA
Added Member To Class: ClassName=main_master Member=Component U1 ESP32-WROOM-32E
Added Member To Class: ClassName=main_master Member=Component U2 SI7051-A20-IM
Added Room: Name=main_master
Added Room: Name=TS1
Added Room: Name=TS2
