Removed Pin From Net: NetName=GND Pin=R8-1
Removed Pin From Net: NetName=NetQ1_3 Pin=R8-2
Removed Member From Class: ClassName=main_master Member=R8
Added Component: Designator=R1(R1206_SHORTED_REMOVABLE)
Add component. Clean all parameters for all variants
Added Component: Designator=R2(R1206_SHORTED_REMOVABLE)
Add component. Clean all parameters for all variants
Added Component: Designator=R3(R1206_SHORTED_REMOVABLE)
Add component. Clean all parameters for all variants
Added Component: Designator=R10_TS1(R1206_SHORTED_REMOVABLE)
Add component. Clean all parameters for all variants
Added Component: Designator=R10_TS2(R1206_SHORTED_REMOVABLE)
Add component. Clean all parameters for all variants
Added Component: Designator=R?(R1206_SHORTED_REMOVABLE)
Add component. Clean all parameters for all variants
Added Pin To Net: NetName=NetMP4_1 Pin=R1-1
Added Pin To Net: NetName=NetBT1_2 Pin=R2-1
Added Pin To Net: NetName=NetMP4_1 Pin=R2-2
Added Pin To Net: NetName=NetMP4_1 Pin=R3-1
Added Pin To Net: NetName=GND Pin=R3-2
Added Pin To Net: NetName=NetR10_TS1_1 Pin=R10_TS1-1
Added Pin To Net: NetName=Data_TempSensor_TS1 Pin=R10_TS1-2
Added Pin To Net: NetName=NetR10_TS2_1 Pin=R10_TS2-1
Added Pin To Net: NetName=Data_TempSensor_TS2 Pin=R10_TS2-2
Added Pin To Net: NetName=GND Pin=R?-1
Added Pin To Net: NetName=NetQ1_3 Pin=R?-2
Added Member To Class: ClassName=main_master Member=Component R1 !0R!
Added Member To Class: ClassName=main_master Member=Component R2 !0R!
Added Member To Class: ClassName=main_master Member=Component R3 !0R!
Added Member To Class: ClassName=TS1 Member=Component R10_TS1 (R10) !0R!
Added Member To Class: ClassName=TS2 Member=Component R10_TS2 (R10) !0R!
Added Member To Class: ClassName=main_master Member=Component R? !0R!
