Added Component: Designator=BT?(MP000341)
Add component. Clean all parameters for all variants
Add component (AddParameter): Name = "Brand"; Value = "MULTICOMP PRO"; VariantName = "[No Variations]"
Add component (AddParameter): Name = "Order Code"; Value = "3126578"; VariantName = "[No Variations]"
Add component (AddParameter): Name = "Price"; Value = "0,662"; VariantName = "[No Variations]"
Add component (AddParameter): Name = "Seller"; Value = "Farnell"; VariantName = "[No Variations]"
Add component (AddParameter): Name = "Type"; Value = "MP000341"; VariantName = "[No Variations]"
Added Component: Designator=C?(Rubycon_TRV_12.5mmx13.5mm)
Add component. Clean all parameters for all variants
Add component (AddParameter): Name = "Brand"; Value = "RUBYCON"; VariantName = "[No Variations]"
Add component (AddParameter): Name = "Capacitance"; Value = "1800µF"; VariantName = "[No Variations]"
Add component (AddParameter): Name = "Order Code"; Value = "2535761"; VariantName = "[No Variations]"
Add component (AddParameter): Name = "Price"; Value = "0,436"; VariantName = "[No Variations]"
Add component (AddParameter): Name = "Supplier"; Value = "Farnell"; VariantName = "[No Variations]"
Add component (AddParameter): Name = "Type"; Value = "10TRV1800M12.5X13.5"; VariantName = "[No Variations]"
Add component (AddParameter): Name = "Voltage"; Value = "10V"; VariantName = "[No Variations]"
Added Component: Designator=R?(R1206_SHORTED_REMOVABLE)
Add component. Clean all parameters for all variants
Added Pin To Net: NetName=Vbat Pin=BT?-2
Added Pin To Net: NetName=Vbat Pin=C?-1
Added Net: Name=Vbat
Added Member To Class: ClassName=main Member=Component BT? MP000341
Added Member To Class: ClassName=main Member=Component C? 100nF
Added Member To Class: ClassName=main Member=Component R? !0R!
Added Member To Class: ClassName=main Member=Component U? ESP32-WROOM-32E
