Added Component: Designator=C?(C0805)
Add component. Clean all parameters for all variants
Add component (AddParameter): Name = "Brand"; Value = "Wurth Elektronik"; VariantName = "[No Variations]"
Add component (AddParameter): Name = "Capacitance"; Value = "100nF"; VariantName = "[No Variations]"
Add component (AddParameter): Name = "Order Code"; Value = "2495190"; VariantName = "[No Variations]"
Add component (AddParameter): Name = "Price"; Value = "0,0915"; VariantName = "[No Variations]"
Add component (AddParameter): Name = "Supplier"; Value = "Farnell"; VariantName = "[No Variations]"
Add component (AddParameter): Name = "Type"; Value = "885012207045"; VariantName = "[No Variations]"
Added Component: Designator=D?(Kingbright_KPT-2012EC_0)
Add component. Clean all parameters for all variants
Add component (AddParameter): Name = "Brand"; Value = "KINGBRIGHT"; VariantName = "[No Variations]"
Add component (AddParameter): Name = "Order Code"; Value = "2099236"; VariantName = "[No Variations]"
Add component (AddParameter): Name = "Price"; Value = "0,112"; VariantName = "[No Variations]"
Add component (AddParameter): Name = "Supplier"; Value = "Farnell"; VariantName = "[No Variations]"
Add component (AddParameter): Name = "Type"; Value = "KPT-2012EC"; VariantName = "[No Variations]"
Added Component: Designator=S?(ESE20_3)
Add component. Clean all parameters for all variants
Add component (AddParameter): Name = "Brand"; Value = "PANASONIC"; VariantName = "[No Variations]"
Add component (AddParameter): Name = "Order Code"; Value = "2079605"; VariantName = "[No Variations]"
Add component (AddParameter): Name = "Price"; Value = "0,836"; VariantName = "[No Variations]"
Add component (AddParameter): Name = "Seller"; Value = "Farnell"; VariantName = "[No Variations]"
Add component (AddParameter): Name = "Type"; Value = "ESE20D321"; VariantName = "[No Variations]"
Added Component: Designator=U?(ESP32­WROOM­32E)
Add component. Clean all parameters for all variants
Add component (AddParameter): Name = "Brand"; Value = "Espressif Systems"; VariantName = "[No Variations]"
Add component (AddParameter): Name = "Order Code"; Value = "356-ESP32WRM32E128PH"; VariantName = "[No Variations]"
Add component (AddParameter): Name = "Price"; Value = "2,64"; VariantName = "[No Variations]"
Add component (AddParameter): Name = "Supplier"; Value = "MOUSER"; VariantName = "[No Variations]"
Add component (AddParameter): Name = "Type"; Value = "ESP32-WROOM-32E"; VariantName = "[No Variations]"
Added Component: Designator=U?(3x3 6-pin DFN)
Add component. Clean all parameters for all variants
Add component (AddParameter): Name = "Brand"; Value = "SILICON LABS"; VariantName = "[No Variations]"
Add component (AddParameter): Name = "ClassName"; Value = "Smallpitch"; VariantName = "[No Variations]"
Add component (AddParameter): Name = "Order Code"; Value = "2769160"; VariantName = "[No Variations]"
Add component (AddParameter): Name = "Price"; Value = "1,98"; VariantName = "[No Variations]"
Add component (AddParameter): Name = "Supplier"; Value = "Farnell"; VariantName = "[No Variations]"
Add component (AddParameter): Name = "Type"; Value = "SI7051-A20-IM"; VariantName = "[No Variations]"
Added Pin To Net: NetName=3V3 Pin=C?-2
Added Pin To Net: NetName=3V3 Pin=U?-5
Added Net: Name=3V3
Added Pin To Net: NetName=GND Pin=C?-1
Added Pin To Net: NetName=GND Pin=U?-2
Added Net: Name=GND
Added Pin To Net: NetName=I2C_SCL Pin=U?-6
Added Net: Name=I2C_SCL
Added Pin To Net: NetName=I2C_SDA Pin=U?-1
Added Net: Name=I2C_SDA
Added Pin To Net: NetName=NetS?_1 Pin=S?-1
Added Pin To Net: NetName=NetS?_1 Pin=S?-3
Added Net: Name=NetS?_1
Added Pin To Net: NetName=NetS?_2 Pin=S?-2
Added Pin To Net: NetName=NetS?_2 Pin=S?-4
Added Net: Name=NetS?_2
Added Pin To Net: NetName=NetU?_1 Pin=U?-1
Added Pin To Net: NetName=NetU?_1 Pin=U?-15
Added Pin To Net: NetName=NetU?_1 Pin=U?-38
Added Net: Name=NetU?_1
Added Class: Name=main
Added Room: Name=main
